[2018-11-07 23:26:16] Processing: App\Notifications\EmailVerificationNotification
[2018-11-07 23:26:21] Processing: App\Notifications\EmailVerificationNotification
[2018-11-07 23:26:55] Processing: App\Notifications\EmailVerificationNotification
[2018-11-07 23:27:01] Failed:     App\Notifications\EmailVerificationNotification
[2018-11-07 23:28:24] Processing: App\Notifications\EmailVerificationNotification
[2018-11-07 23:28:54] Processing: App\Notifications\EmailVerificationNotification
[2018-11-07 23:29:28] Processing: App\Notifications\EmailVerificationNotification
[2018-11-07 23:29:32] Failed:     App\Notifications\EmailVerificationNotification
[2018-11-07 23:34:30] Processing: App\Notifications\EmailVerificationNotification
[2018-11-07 23:34:30] Processing: App\Notifications\EmailVerificationNotification
[2018-11-07 23:34:31] Failed:     App\Notifications\EmailVerificationNotification
[2018-11-07 23:34:36] Processed:  App\Notifications\EmailVerificationNotification
[2018-11-17 23:39:26] Processing: App\Listeners\UpdateProductSoldCount
[2018-11-17 23:39:27] Processed:  App\Listeners\UpdateProductSoldCount
[2018-11-17 23:39:27] Processing: App\Listeners\OrderConfirmationListener
[2018-11-17 23:39:27] Processed:  App\Listeners\OrderConfirmationListener
[2018-11-17 23:39:27] Processing: App\Notifications\OrderConfirmNotifications
[2018-11-17 23:39:33] Processed:  App\Notifications\OrderConfirmNotifications
[2018-11-17 23:42:49] Processing: App\Listeners\UpdateProductSoldCount
[2018-11-17 23:42:49] Processed:  App\Listeners\UpdateProductSoldCount
[2018-11-17 23:42:49] Processing: App\Listeners\OrderConfirmationListener
[2018-11-17 23:42:49] Processed:  App\Listeners\OrderConfirmationListener
[2018-11-17 23:42:49] Processing: App\Notifications\OrderConfirmNotifications
[2018-11-17 23:42:55] Processed:  App\Notifications\OrderConfirmNotifications
[2018-11-17 23:48:57] Processing: App\Listeners\UpdateProductSoldCount
[2018-11-17 23:48:58] Processed:  App\Listeners\UpdateProductSoldCount
[2018-11-17 23:48:58] Processing: App\Listeners\OrderConfirmationListener
[2018-11-17 23:48:58] Processed:  App\Listeners\OrderConfirmationListener
[2018-11-17 23:48:58] Processing: App\Notifications\OrderConfirmNotifications
[2018-11-17 23:49:08] Processed:  App\Notifications\OrderConfirmNotifications
[2018-11-17 23:57:27] Processing: App\Listeners\UpdateProductSoldCount
[2018-11-17 23:57:27] Processing: App\Listeners\OrderConfirmationListener
[2018-11-17 23:57:28] Processed:  App\Listeners\UpdateProductSoldCount
[2018-11-17 23:57:28] Processed:  App\Listeners\OrderConfirmationListener
[2018-11-17 23:57:28] Processing: App\Notifications\OrderConfirmNotifications
[2018-11-17 23:57:33] Processed:  App\Notifications\OrderConfirmNotifications
[2018-11-24 01:31:02] Processing: App\Mail\ContactUs
[2018-11-24 01:31:14] Processed:  App\Mail\ContactUs
[2018-11-24 01:49:22] Processing: App\Mail\ContactUs
[2018-11-24 01:49:30] Processed:  App\Mail\ContactUs
